<?xml version="1.0" encoding="UTF-8"?>
<coverage generated="1671455379936" clover="3.2.0">
  <project timestamp="1671455379936" name="All files">
    <metrics statements="206" coveredstatements="196" conditionals="268" coveredconditionals="218" methods="28" coveredmethods="28" elements="502" coveredelements="442" complexity="0" loc="206" ncloc="206" packages="3" files="8" classes="8"/>
    <package name="src">
      <metrics statements="31" coveredstatements="31" conditionals="60" coveredconditionals="52" methods="6" coveredmethods="6"/>
      <file name="index.ts" path="/home/byefive/ARQUIVOS/Anselmo/development/npm-packages/encrypt-char/src/index.ts">
        <metrics statements="31" coveredstatements="31" conditionals="60" coveredconditionals="52" methods="6" coveredmethods="6"/>
        <line num="1" count="1" type="stmt"/>
        <line num="2" count="1" type="stmt"/>
        <line num="3" count="1" type="stmt"/>
        <line num="5" count="1" type="stmt"/>
        <line num="7" count="6" type="cond" truecount="7" falsecount="1"/>
        <line num="8" count="1" type="stmt"/>
        <line num="9" count="5" type="cond" truecount="7" falsecount="1"/>
        <line num="10" count="1" type="stmt"/>
        <line num="11" count="4" type="cond" truecount="6" falsecount="1"/>
        <line num="12" count="1" type="stmt"/>
        <line num="15" count="3" type="stmt"/>
        <line num="17" count="1" type="stmt"/>
        <line num="19" count="1" type="stmt"/>
        <line num="21" count="68" type="stmt"/>
        <line num="26" count="6" type="cond" truecount="7" falsecount="1"/>
        <line num="27" count="1" type="stmt"/>
        <line num="28" count="5" type="cond" truecount="7" falsecount="1"/>
        <line num="29" count="1" type="stmt"/>
        <line num="30" count="4" type="cond" truecount="6" falsecount="1"/>
        <line num="31" count="1" type="stmt"/>
        <line num="34" count="3" type="stmt"/>
        <line num="35" count="1" type="stmt"/>
        <line num="37" count="68" type="stmt"/>
        <line num="39" count="1" type="stmt"/>
        <line num="41" count="1" type="stmt"/>
        <line num="45" count="2" type="cond" truecount="6" falsecount="1"/>
        <line num="46" count="1" type="stmt"/>
        <line num="49" count="1" type="stmt"/>
        <line num="53" count="2" type="cond" truecount="6" falsecount="1"/>
        <line num="54" count="1" type="stmt"/>
        <line num="57" count="1" type="stmt"/>
      </file>
    </package>
    <package name="src.helpers">
      <metrics statements="66" coveredstatements="61" conditionals="77" coveredconditionals="62" methods="7" coveredmethods="7"/>
      <file name="array-check-values.ts" path="/home/byefive/ARQUIVOS/Anselmo/development/npm-packages/encrypt-char/src/helpers/array-check-values.ts">
        <metrics statements="7" coveredstatements="6" conditionals="2" coveredconditionals="2" methods="2" coveredmethods="2"/>
        <line num="1" count="1" type="stmt"/>
        <line num="2" count="6" type="cond" truecount="1" falsecount="0"/>
        <line num="3" count="6" type="stmt"/>
        <line num="4" count="254" type="cond" truecount="1" falsecount="0"/>
        <line num="5" count="253" type="stmt"/>
        <line num="8" count="1" type="stmt"/>
        <line num="12" count="0" type="stmt"/>
      </file>
      <file name="begin-end-keys.ts" path="/home/byefive/ARQUIVOS/Anselmo/development/npm-packages/encrypt-char/src/helpers/begin-end-keys.ts">
        <metrics statements="5" coveredstatements="5" conditionals="5" coveredconditionals="4" methods="1" coveredmethods="1"/>
        <line num="1" count="1" type="stmt"/>
        <line num="2" count="22" type="cond" truecount="1" falsecount="1"/>
        <line num="4" count="22" type="cond" truecount="3" falsecount="0"/>
        <line num="5" count="2" type="stmt"/>
        <line num="8" count="20" type="stmt"/>
      </file>
      <file name="patterns.ts" path="/home/byefive/ARQUIVOS/Anselmo/development/npm-packages/encrypt-char/src/helpers/patterns.ts">
        <metrics statements="1" coveredstatements="1" conditionals="0" coveredconditionals="0" methods="0" coveredmethods="0"/>
        <line num="1" count="1" type="stmt"/>
      </file>
      <file name="salt-password.ts" path="/home/byefive/ARQUIVOS/Anselmo/development/npm-packages/encrypt-char/src/helpers/salt-password.ts">
        <metrics statements="33" coveredstatements="31" conditionals="48" coveredconditionals="41" methods="2" coveredmethods="2"/>
        <line num="1" count="1" type="stmt"/>
        <line num="3" count="1" type="stmt"/>
        <line num="4" count="18" type="cond" truecount="2" falsecount="0"/>
        <line num="6" count="18" type="cond" truecount="3" falsecount="0"/>
        <line num="7" count="1" type="stmt"/>
        <line num="10" count="17" type="cond" truecount="6" falsecount="1"/>
        <line num="11" count="1" type="stmt"/>
        <line num="14" count="16" type="stmt"/>
        <line num="15" count="16" type="stmt"/>
        <line num="20" count="16" type="stmt"/>
        <line num="23" count="1" type="stmt"/>
        <line num="28" count="5" type="cond" truecount="7" falsecount="1"/>
        <line num="29" count="1" type="stmt"/>
        <line num="30" count="4" type="cond" truecount="6" falsecount="1"/>
        <line num="31" count="1" type="stmt"/>
        <line num="34" count="3" type="stmt"/>
        <line num="39" count="3" type="cond" truecount="6" falsecount="0"/>
        <line num="40" count="2" type="cond" truecount="0" falsecount="1"/>
        <line num="41" count="0" type="stmt"/>
        <line num="44" count="2" type="stmt"/>
        <line num="49" count="2" type="stmt"/>
        <line num="54" count="2" type="cond" truecount="1" falsecount="0"/>
        <line num="58" count="1" type="stmt"/>
        <line num="61" count="1" type="stmt"/>
        <line num="67" count="1" type="cond" truecount="2" falsecount="0"/>
        <line num="70" count="1" type="stmt"/>
        <line num="75" count="1" type="stmt"/>
        <line num="77" count="1" type="cond" truecount="0" falsecount="1"/>
        <line num="78" count="0" type="stmt"/>
        <line num="81" count="1" type="stmt"/>
        <line num="83" count="1" type="stmt"/>
        <line num="85" count="1" type="stmt"/>
        <line num="92" count="1" type="stmt"/>
      </file>
      <file name="secret.ts" path="/home/byefive/ARQUIVOS/Anselmo/development/npm-packages/encrypt-char/src/helpers/secret.ts">
        <metrics statements="20" coveredstatements="18" conditionals="22" coveredconditionals="15" methods="2" coveredmethods="2"/>
        <line num="1" count="1" type="stmt"/>
        <line num="3" count="1" type="stmt"/>
        <line num="4" count="65" type="cond" truecount="1" falsecount="1"/>
        <line num="6" count="65" type="cond" truecount="3" falsecount="0"/>
        <line num="7" count="2" type="stmt"/>
        <line num="10" count="63" type="stmt"/>
        <line num="11" count="63" type="stmt"/>
        <line num="13" count="63" type="stmt"/>
        <line num="14" count="252" type="stmt"/>
        <line num="19" count="63" type="stmt"/>
        <line num="22" count="1" type="stmt"/>
        <line num="23" count="4" type="cond" truecount="1" falsecount="1"/>
        <line num="25" count="4" type="cond" truecount="3" falsecount="1"/>
        <line num="26" count="0" type="stmt"/>
        <line num="27" count="4" type="cond" truecount="5" falsecount="2"/>
        <line num="28" count="0" type="stmt"/>
        <line num="31" count="4" type="cond" truecount="1" falsecount="1"/>
        <line num="32" count="4" type="stmt"/>
        <line num="33" count="4" type="cond" truecount="1" falsecount="1"/>
        <line num="36" count="1" type="stmt"/>
      </file>
    </package>
    <package name="src.lib">
      <metrics statements="109" coveredstatements="104" conditionals="131" coveredconditionals="104" methods="15" coveredmethods="15"/>
      <file name="base64.ts" path="/home/byefive/ARQUIVOS/Anselmo/development/npm-packages/encrypt-char/src/lib/base64.ts">
        <metrics statements="17" coveredstatements="17" conditionals="14" coveredconditionals="12" methods="2" coveredmethods="2"/>
        <line num="1" count="1" type="stmt"/>
        <line num="3" count="1" type="stmt"/>
        <line num="4" count="1" type="stmt"/>
        <line num="6" count="1" type="stmt"/>
        <line num="7" count="36" type="cond" truecount="6" falsecount="1"/>
        <line num="8" count="1" type="stmt"/>
        <line num="11" count="35" type="stmt"/>
        <line num="12" count="35" type="stmt"/>
        <line num="14" count="35" type="stmt"/>
        <line num="19" count="35" type="stmt"/>
        <line num="21" count="1" type="stmt"/>
        <line num="22" count="12" type="cond" truecount="6" falsecount="1"/>
        <line num="23" count="1" type="stmt"/>
        <line num="26" count="11" type="stmt"/>
        <line num="31" count="11" type="stmt"/>
        <line num="33" count="11" type="stmt"/>
        <line num="36" count="1" type="stmt"/>
      </file>
      <file name="keychar.ts" path="/home/byefive/ARQUIVOS/Anselmo/development/npm-packages/encrypt-char/src/lib/keychar.ts">
        <metrics statements="92" coveredstatements="87" conditionals="117" coveredconditionals="92" methods="13" coveredmethods="13"/>
        <line num="1" count="1" type="stmt"/>
        <line num="2" count="1" type="stmt"/>
        <line num="3" count="1" type="stmt"/>
        <line num="4" count="1" type="stmt"/>
        <line num="9" count="1" type="stmt"/>
        <line num="11" count="1" type="stmt"/>
        <line num="12" count="14" type="cond" truecount="1" falsecount="1"/>
        <line num="13" count="14" type="cond" truecount="1" falsecount="1"/>
        <line num="16" count="1" type="stmt"/>
        <line num="17" count="1" type="stmt"/>
        <line num="18" count="62" type="stmt"/>
        <line num="20" count="62" type="stmt"/>
        <line num="22" count="62" type="stmt"/>
        <line num="25" count="283" type="stmt"/>
        <line num="28" count="1" type="stmt"/>
        <line num="29" count="1" type="stmt"/>
        <line num="31" count="284" type="stmt"/>
        <line num="33" count="62" type="stmt"/>
        <line num="34" count="62" type="stmt"/>
        <line num="37" count="281" type="stmt"/>
        <line num="40" count="1" type="stmt"/>
        <line num="41" count="3" type="cond" truecount="6" falsecount="1"/>
        <line num="42" count="1" type="stmt"/>
        <line num="45" count="2" type="cond" truecount="1" falsecount="1"/>
        <line num="47" count="2" type="cond" truecount="3" falsecount="0"/>
        <line num="48" count="1" type="stmt"/>
        <line num="51" count="1" type="stmt"/>
        <line num="52" count="1" type="stmt"/>
        <line num="53" count="1" type="stmt"/>
        <line num="54" count="1" type="stmt"/>
        <line num="56" count="1" type="stmt"/>
        <line num="62" count="1" type="stmt"/>
        <line num="77" count="1" type="stmt"/>
        <line num="78" count="16" type="cond" truecount="7" falsecount="1"/>
        <line num="79" count="1" type="stmt"/>
        <line num="80" count="15" type="cond" truecount="6" falsecount="1"/>
        <line num="81" count="1" type="stmt"/>
        <line num="84" count="14" type="stmt"/>
        <line num="86" count="14" type="stmt"/>
        <line num="88" count="14" type="cond" truecount="3" falsecount="1"/>
        <line num="90" count="14" type="stmt"/>
        <line num="91" count="14" type="stmt"/>
        <line num="93" count="14" type="stmt"/>
        <line num="97" count="14" type="stmt"/>
        <line num="99" count="14" type="stmt"/>
        <line num="101" count="14" type="cond" truecount="3" falsecount="1"/>
        <line num="104" count="14" type="stmt"/>
        <line num="110" count="14" type="stmt"/>
        <line num="114" count="14" type="stmt"/>
        <line num="116" count="14" type="stmt"/>
        <line num="124" count="1" type="stmt"/>
        <line num="129" count="14" type="cond" truecount="7" falsecount="1"/>
        <line num="130" count="2" type="stmt"/>
        <line num="131" count="12" type="cond" truecount="7" falsecount="1"/>
        <line num="132" count="2" type="stmt"/>
        <line num="133" count="10" type="cond" truecount="5" falsecount="2"/>
        <line num="134" count="0" type="stmt"/>
        <line num="140" count="10" type="stmt"/>
        <line num="141" count="10" type="stmt"/>
        <line num="144" count="10" type="stmt"/>
        <line num="146" count="10" type="cond" truecount="5" falsecount="1"/>
        <line num="147" count="4" type="stmt"/>
        <line num="148" count="4" type="stmt"/>
        <line num="149" count="4" type="stmt"/>
        <line num="151" count="6" type="stmt"/>
        <line num="155" count="4" type="cond" truecount="1" falsecount="1"/>
        <line num="159" count="4" type="stmt"/>
        <line num="163" count="0" type="stmt"/>
        <line num="167" count="4" type="stmt"/>
        <line num="170" count="4" type="cond" truecount="4" falsecount="2"/>
        <line num="171" count="4" type="stmt"/>
        <line num="173" count="0" type="stmt"/>
        <line num="177" count="4" type="cond" truecount="4" falsecount="2"/>
        <line num="178" count="4" type="stmt"/>
        <line num="179" count="4" type="stmt"/>
        <line num="180" count="4" type="stmt"/>
        <line num="182" count="0" type="stmt"/>
        <line num="186" count="4" type="stmt"/>
        <line num="187" count="4" type="stmt"/>
        <line num="188" count="4" type="stmt"/>
        <line num="189" count="4" type="stmt"/>
        <line num="191" count="4" type="cond" truecount="9" falsecount="3"/>
        <line num="192" count="4" type="stmt"/>
        <line num="194" count="4" type="cond" truecount="2" falsecount="0"/>
        <line num="195" count="2" type="stmt"/>
        <line num="196" count="124" type="stmt"/>
        <line num="198" count="2" type="cond" truecount="1" falsecount="0"/>
        <line num="199" count="2" type="stmt"/>
        <line num="200" count="124" type="stmt"/>
        <line num="204" count="4" type="stmt"/>
        <line num="206" count="0" type="stmt"/>
        <line num="210" count="1" type="stmt"/>
      </file>
    </package>
  </project>
</coverage>
