{"/home/byefive/ARQUIVOS/Anselmo/development/npm-packages/encrypt-char/src/index.ts": {"path":"/home/byefive/ARQUIVOS/Anselmo/development/npm-packages/encrypt-char/src/index.ts","statementMap":{"0":{"start":{"line":1,"column":0},"end":{"line":1,"column":54}},"1":{"start":{"line":2,"column":0},"end":{"line":2,"column":45}},"2":{"start":{"line":3,"column":0},"end":{"line":3,"column":46}},"3":{"start":{"line":5,"column":13},"end":{"line":59,"column":2}},"4":{"start":{"line":7,"column":4},"end":{"line":13,"column":null}},"5":{"start":{"line":8,"column":6},"end":{"line":8,"column":45}},"6":{"start":{"line":9,"column":11},"end":{"line":13,"column":null}},"7":{"start":{"line":10,"column":6},"end":{"line":10,"column":48}},"8":{"start":{"line":11,"column":11},"end":{"line":13,"column":null}},"9":{"start":{"line":12,"column":6},"end":{"line":12,"column":49}},"10":{"start":{"line":15,"column":26},"end":{"line":15,"column":67}},"11":{"start":{"line":17,"column":23},"end":{"line":17,"column":39}},"12":{"start":{"line":19,"column":4},"end":{"line":22,"column":6}},"13":{"start":{"line":21,"column":18},"end":{"line":21,"column":null}},"14":{"start":{"line":26,"column":4},"end":{"line":32,"column":null}},"15":{"start":{"line":27,"column":6},"end":{"line":27,"column":45}},"16":{"start":{"line":28,"column":11},"end":{"line":32,"column":null}},"17":{"start":{"line":29,"column":6},"end":{"line":29,"column":48}},"18":{"start":{"line":30,"column":11},"end":{"line":32,"column":null}},"19":{"start":{"line":31,"column":6},"end":{"line":31,"column":49}},"20":{"start":{"line":34,"column":26},"end":{"line":34,"column":67}},"21":{"start":{"line":35,"column":19},"end":{"line":37,"column":null}},"22":{"start":{"line":37,"column":18},"end":{"line":37,"column":null}},"23":{"start":{"line":39,"column":23},"end":{"line":39,"column":41}},"24":{"start":{"line":41,"column":4},"end":{"line":41,"column":22}},"25":{"start":{"line":45,"column":4},"end":{"line":47,"column":null}},"26":{"start":{"line":46,"column":6},"end":{"line":46,"column":51}},"27":{"start":{"line":49,"column":4},"end":{"line":49,"column":28}},"28":{"start":{"line":53,"column":4},"end":{"line":55,"column":null}},"29":{"start":{"line":54,"column":6},"end":{"line":54,"column":51}},"30":{"start":{"line":57,"column":4},"end":{"line":57,"column":28}}},"fnMap":{"0":{"name":"(anonymous_0)","decl":{"start":{"line":6,"column":12},"end":{"line":6,"column":13}},"loc":{"start":{"line":6,"column":60},"end":{"line":23,"column":3}}},"1":{"name":"(anonymous_1)","decl":{"start":{"line":21,"column":6},"end":{"line":21,"column":7}},"loc":{"start":{"line":21,"column":13},"end":{"line":21,"column":31}}},"2":{"name":"(anonymous_2)","decl":{"start":{"line":25,"column":12},"end":{"line":25,"column":13}},"loc":{"start":{"line":25,"column":60},"end":{"line":42,"column":3}}},"3":{"name":"(anonymous_3)","decl":{"start":{"line":37,"column":6},"end":{"line":37,"column":7}},"loc":{"start":{"line":37,"column":13},"end":{"line":37,"column":31}}},"4":{"name":"(anonymous_4)","decl":{"start":{"line":44,"column":12},"end":{"line":44,"column":13}},"loc":{"start":{"line":44,"column":25},"end":{"line":50,"column":3}}},"5":{"name":"(anonymous_5)","decl":{"start":{"line":52,"column":12},"end":{"line":52,"column":13}},"loc":{"start":{"line":52,"column":25},"end":{"line":58,"column":3}}}},"branchMap":{"0":{"loc":{"start":{"line":7,"column":4},"end":{"line":13,"column":null}},"type":"if","locations":[{"start":{"line":7,"column":4},"end":{"line":13,"column":null}},{"start":{"line":9,"column":11},"end":{"line":13,"column":null}}]},"1":{"loc":{"start":{"line":7,"column":8},"end":{"line":7,"column":49}},"type":"binary-expr","locations":[{"start":{"line":7,"column":8},"end":{"line":7,"column":25}},{"start":{"line":7,"column":25},"end":{"line":7,"column":49}}]},"2":{"loc":{"start":{"line":7,"column":9},"end":{"line":7,"column":21}},"type":"cond-expr","locations":[{"start":{"line":7,"column":13},"end":{"line":7,"column":15}},{"start":{"line":7,"column":9},"end":{"line":7,"column":21}}]},"3":{"loc":{"start":{"line":7,"column":9},"end":{"line":7,"column":15}},"type":"binary-expr","locations":[{"start":{"line":7,"column":9},"end":{"line":7,"column":15}},{"start":{"line":7,"column":9},"end":{"line":7,"column":15}}]},"4":{"loc":{"start":{"line":9,"column":11},"end":{"line":13,"column":null}},"type":"if","locations":[{"start":{"line":9,"column":11},"end":{"line":13,"column":null}},{"start":{"line":11,"column":11},"end":{"line":13,"column":null}}]},"5":{"loc":{"start":{"line":9,"column":15},"end":{"line":9,"column":62}},"type":"binary-expr","locations":[{"start":{"line":9,"column":15},"end":{"line":9,"column":35}},{"start":{"line":9,"column":35},"end":{"line":9,"column":62}}]},"6":{"loc":{"start":{"line":9,"column":16},"end":{"line":9,"column":31}},"type":"cond-expr","locations":[{"start":{"line":9,"column":23},"end":{"line":9,"column":25}},{"start":{"line":9,"column":16},"end":{"line":9,"column":31}}]},"7":{"loc":{"start":{"line":9,"column":16},"end":{"line":9,"column":25}},"type":"binary-expr","locations":[{"start":{"line":9,"column":16},"end":{"line":9,"column":25}},{"start":{"line":9,"column":16},"end":{"line":9,"column":25}}]},"8":{"loc":{"start":{"line":11,"column":11},"end":{"line":13,"column":null}},"type":"if","locations":[{"start":{"line":11,"column":11},"end":{"line":13,"column":null}}]},"9":{"loc":{"start":{"line":11,"column":15},"end":{"line":11,"column":64}},"type":"binary-expr","locations":[{"start":{"line":11,"column":15},"end":{"line":11,"column":36}},{"start":{"line":11,"column":36},"end":{"line":11,"column":64}}]},"10":{"loc":{"start":{"line":11,"column":16},"end":{"line":11,"column":32}},"type":"cond-expr","locations":[{"start":{"line":11,"column":24},"end":{"line":11,"column":26}},{"start":{"line":11,"column":16},"end":{"line":11,"column":32}}]},"11":{"loc":{"start":{"line":11,"column":16},"end":{"line":11,"column":26}},"type":"binary-expr","locations":[{"start":{"line":11,"column":16},"end":{"line":11,"column":26}},{"start":{"line":11,"column":16},"end":{"line":11,"column":26}}]},"12":{"loc":{"start":{"line":26,"column":4},"end":{"line":32,"column":null}},"type":"if","locations":[{"start":{"line":26,"column":4},"end":{"line":32,"column":null}},{"start":{"line":28,"column":11},"end":{"line":32,"column":null}}]},"13":{"loc":{"start":{"line":26,"column":8},"end":{"line":26,"column":49}},"type":"binary-expr","locations":[{"start":{"line":26,"column":8},"end":{"line":26,"column":25}},{"start":{"line":26,"column":25},"end":{"line":26,"column":49}}]},"14":{"loc":{"start":{"line":26,"column":9},"end":{"line":26,"column":21}},"type":"cond-expr","locations":[{"start":{"line":26,"column":13},"end":{"line":26,"column":15}},{"start":{"line":26,"column":9},"end":{"line":26,"column":21}}]},"15":{"loc":{"start":{"line":26,"column":9},"end":{"line":26,"column":15}},"type":"binary-expr","locations":[{"start":{"line":26,"column":9},"end":{"line":26,"column":15}},{"start":{"line":26,"column":9},"end":{"line":26,"column":15}}]},"16":{"loc":{"start":{"line":28,"column":11},"end":{"line":32,"column":null}},"type":"if","locations":[{"start":{"line":28,"column":11},"end":{"line":32,"column":null}},{"start":{"line":30,"column":11},"end":{"line":32,"column":null}}]},"17":{"loc":{"start":{"line":28,"column":15},"end":{"line":28,"column":62}},"type":"binary-expr","locations":[{"start":{"line":28,"column":15},"end":{"line":28,"column":35}},{"start":{"line":28,"column":35},"end":{"line":28,"column":62}}]},"18":{"loc":{"start":{"line":28,"column":16},"end":{"line":28,"column":31}},"type":"cond-expr","locations":[{"start":{"line":28,"column":23},"end":{"line":28,"column":25}},{"start":{"line":28,"column":16},"end":{"line":28,"column":31}}]},"19":{"loc":{"start":{"line":28,"column":16},"end":{"line":28,"column":25}},"type":"binary-expr","locations":[{"start":{"line":28,"column":16},"end":{"line":28,"column":25}},{"start":{"line":28,"column":16},"end":{"line":28,"column":25}}]},"20":{"loc":{"start":{"line":30,"column":11},"end":{"line":32,"column":null}},"type":"if","locations":[{"start":{"line":30,"column":11},"end":{"line":32,"column":null}}]},"21":{"loc":{"start":{"line":30,"column":15},"end":{"line":30,"column":64}},"type":"binary-expr","locations":[{"start":{"line":30,"column":15},"end":{"line":30,"column":36}},{"start":{"line":30,"column":36},"end":{"line":30,"column":64}}]},"22":{"loc":{"start":{"line":30,"column":16},"end":{"line":30,"column":32}},"type":"cond-expr","locations":[{"start":{"line":30,"column":24},"end":{"line":30,"column":26}},{"start":{"line":30,"column":16},"end":{"line":30,"column":32}}]},"23":{"loc":{"start":{"line":30,"column":16},"end":{"line":30,"column":26}},"type":"binary-expr","locations":[{"start":{"line":30,"column":16},"end":{"line":30,"column":26}},{"start":{"line":30,"column":16},"end":{"line":30,"column":26}}]},"24":{"loc":{"start":{"line":45,"column":4},"end":{"line":47,"column":null}},"type":"if","locations":[{"start":{"line":45,"column":4},"end":{"line":47,"column":null}}]},"25":{"loc":{"start":{"line":45,"column":8},"end":{"line":45,"column":49}},"type":"binary-expr","locations":[{"start":{"line":45,"column":8},"end":{"line":45,"column":25}},{"start":{"line":45,"column":25},"end":{"line":45,"column":49}}]},"26":{"loc":{"start":{"line":45,"column":9},"end":{"line":45,"column":21}},"type":"cond-expr","locations":[{"start":{"line":45,"column":13},"end":{"line":45,"column":15}},{"start":{"line":45,"column":9},"end":{"line":45,"column":21}}]},"27":{"loc":{"start":{"line":45,"column":9},"end":{"line":45,"column":15}},"type":"binary-expr","locations":[{"start":{"line":45,"column":9},"end":{"line":45,"column":15}},{"start":{"line":45,"column":9},"end":{"line":45,"column":15}}]},"28":{"loc":{"start":{"line":53,"column":4},"end":{"line":55,"column":null}},"type":"if","locations":[{"start":{"line":53,"column":4},"end":{"line":55,"column":null}}]},"29":{"loc":{"start":{"line":53,"column":8},"end":{"line":53,"column":49}},"type":"binary-expr","locations":[{"start":{"line":53,"column":8},"end":{"line":53,"column":25}},{"start":{"line":53,"column":25},"end":{"line":53,"column":49}}]},"30":{"loc":{"start":{"line":53,"column":9},"end":{"line":53,"column":21}},"type":"cond-expr","locations":[{"start":{"line":53,"column":13},"end":{"line":53,"column":15}},{"start":{"line":53,"column":9},"end":{"line":53,"column":21}}]},"31":{"loc":{"start":{"line":53,"column":9},"end":{"line":53,"column":15}},"type":"binary-expr","locations":[{"start":{"line":53,"column":9},"end":{"line":53,"column":15}},{"start":{"line":53,"column":9},"end":{"line":53,"column":15}}]}},"s":{"0":1,"1":1,"2":1,"3":1,"4":6,"5":1,"6":5,"7":1,"8":4,"9":1,"10":3,"11":1,"12":1,"13":68,"14":6,"15":1,"16":5,"17":1,"18":4,"19":1,"20":3,"21":1,"22":68,"23":1,"24":1,"25":2,"26":1,"27":1,"28":2,"29":1,"30":1},"f":{"0":6,"1":68,"2":6,"3":68,"4":2,"5":2},"b":{"0":[1,5],"1":[6,5],"2":[0,6],"3":[6,6],"4":[1,4],"5":[5,4],"6":[0,5],"7":[5,5],"8":[1],"9":[4,3],"10":[0,4],"11":[4,4],"12":[1,5],"13":[6,5],"14":[0,6],"15":[6,6],"16":[1,4],"17":[5,4],"18":[0,5],"19":[5,5],"20":[1],"21":[4,3],"22":[0,4],"23":[4,4],"24":[1],"25":[2,1],"26":[0,2],"27":[2,2],"28":[1],"29":[2,1],"30":[0,2],"31":[2,2]}}
,"/home/byefive/ARQUIVOS/Anselmo/development/npm-packages/encrypt-char/src/helpers/array-check-values.ts": {"path":"/home/byefive/ARQUIVOS/Anselmo/development/npm-packages/encrypt-char/src/helpers/array-check-values.ts","statementMap":{"0":{"start":{"line":1,"column":36},"end":{"line":13,"column":1}},"1":{"start":{"line":2,"column":2},"end":{"line":10,"column":null}},"2":{"start":{"line":3,"column":4},"end":{"line":9,"column":7}},"3":{"start":{"line":4,"column":6},"end":{"line":6,"column":null}},"4":{"start":{"line":5,"column":8},"end":{"line":5,"column":20}},"5":{"start":{"line":8,"column":6},"end":{"line":8,"column":19}},"6":{"start":{"line":12,"column":2},"end":{"line":12,"column":15}},"7":{"start":{"line":1,"column":13},"end":{"line":1,"column":36}}},"fnMap":{"0":{"name":"(anonymous_0)","decl":{"start":{"line":1,"column":36},"end":{"line":1,"column":37}},"loc":{"start":{"line":1,"column":65},"end":{"line":13,"column":1}}},"1":{"name":"(anonymous_1)","decl":{"start":{"line":3,"column":24},"end":{"line":3,"column":31}},"loc":{"start":{"line":3,"column":31},"end":{"line":9,"column":5}}}},"branchMap":{"0":{"loc":{"start":{"line":2,"column":2},"end":{"line":10,"column":null}},"type":"if","locations":[{"start":{"line":2,"column":2},"end":{"line":10,"column":null}}]},"1":{"loc":{"start":{"line":4,"column":6},"end":{"line":6,"column":null}},"type":"if","locations":[{"start":{"line":4,"column":6},"end":{"line":6,"column":null}}]}},"s":{"0":1,"1":6,"2":6,"3":254,"4":253,"5":1,"6":0,"7":1},"f":{"0":6,"1":254},"b":{"0":[6],"1":[253]}}
,"/home/byefive/ARQUIVOS/Anselmo/development/npm-packages/encrypt-char/src/helpers/begin-end-keys.ts": {"path":"/home/byefive/ARQUIVOS/Anselmo/development/npm-packages/encrypt-char/src/helpers/begin-end-keys.ts","statementMap":{"0":{"start":{"line":1,"column":31},"end":{"line":16,"column":1}},"1":{"start":{"line":2,"column":18},"end":{"line":2,"column":41}},"2":{"start":{"line":4,"column":2},"end":{"line":6,"column":null}},"3":{"start":{"line":5,"column":4},"end":{"line":5,"column":43}},"4":{"start":{"line":8,"column":2},"end":{"line":15,"column":4}},"5":{"start":{"line":1,"column":13},"end":{"line":1,"column":31}}},"fnMap":{"0":{"name":"(anonymous_0)","decl":{"start":{"line":1,"column":31},"end":{"line":1,"column":32}},"loc":{"start":{"line":1,"column":53},"end":{"line":16,"column":1}}}},"branchMap":{"0":{"loc":{"start":{"line":2,"column":18},"end":{"line":2,"column":41}},"type":"cond-expr","locations":[{"start":{"line":2,"column":25},"end":{"line":2,"column":37}},{"start":{"line":2,"column":40},"end":{"line":2,"column":41}}]},"1":{"loc":{"start":{"line":4,"column":2},"end":{"line":6,"column":null}},"type":"if","locations":[{"start":{"line":4,"column":2},"end":{"line":6,"column":null}}]},"2":{"loc":{"start":{"line":4,"column":6},"end":{"line":4,"column":42}},"type":"binary-expr","locations":[{"start":{"line":4,"column":6},"end":{"line":4,"column":17}},{"start":{"line":4,"column":21},"end":{"line":4,"column":42}}]}},"s":{"0":1,"1":22,"2":22,"3":2,"4":20,"5":1},"f":{"0":22},"b":{"0":[22,0],"1":[2],"2":[22,21]}}
,"/home/byefive/ARQUIVOS/Anselmo/development/npm-packages/encrypt-char/src/helpers/patterns.ts": {"path":"/home/byefive/ARQUIVOS/Anselmo/development/npm-packages/encrypt-char/src/helpers/patterns.ts","statementMap":{"0":{"start":{"line":1,"column":13},"end":{"line":12,"column":2}}},"fnMap":{},"branchMap":{},"s":{"0":1},"f":{},"b":{}}
,"/home/byefive/ARQUIVOS/Anselmo/development/npm-packages/encrypt-char/src/helpers/salt-password.ts": {"path":"/home/byefive/ARQUIVOS/Anselmo/development/npm-packages/encrypt-char/src/helpers/salt-password.ts","statementMap":{"0":{"start":{"line":1,"column":0},"end":{"line":1,"column":55}},"1":{"start":{"line":3,"column":27},"end":{"line":21,"column":1}},"2":{"start":{"line":4,"column":18},"end":{"line":4,"column":41}},"3":{"start":{"line":6,"column":2},"end":{"line":8,"column":null}},"4":{"start":{"line":7,"column":4},"end":{"line":7,"column":43}},"5":{"start":{"line":10,"column":2},"end":{"line":12,"column":null}},"6":{"start":{"line":11,"column":4},"end":{"line":11,"column":41}},"7":{"start":{"line":14,"column":21},"end":{"line":14,"column":57}},"8":{"start":{"line":15,"column":17},"end":{"line":18,"column":13}},"9":{"start":{"line":20,"column":2},"end":{"line":20,"column":28}},"10":{"start":{"line":92,"column":9},"end":{"line":92,"column":27}},"11":{"start":{"line":23,"column":27},"end":{"line":90,"column":1}},"12":{"start":{"line":28,"column":2},"end":{"line":32,"column":null}},"13":{"start":{"line":29,"column":4},"end":{"line":29,"column":39}},"14":{"start":{"line":30,"column":9},"end":{"line":32,"column":null}},"15":{"start":{"line":31,"column":4},"end":{"line":31,"column":63}},"16":{"start":{"line":34,"column":30},"end":{"line":37,"column":13}},"17":{"start":{"line":39,"column":2},"end":{"line":89,"column":null}},"18":{"start":{"line":40,"column":4},"end":{"line":42,"column":null}},"19":{"start":{"line":41,"column":6},"end":{"line":41,"column":62}},"20":{"start":{"line":44,"column":27},"end":{"line":47,"column":15}},"21":{"start":{"line":49,"column":35},"end":{"line":52,"column":6}},"22":{"start":{"line":54,"column":4},"end":{"line":59,"column":null}},"23":{"start":{"line":58,"column":6},"end":{"line":58,"column":47}},"24":{"start":{"line":61,"column":26},"end":{"line":64,"column":6}},"25":{"start":{"line":67,"column":6},"end":{"line":68,"column":41}},"26":{"start":{"line":70,"column":4},"end":{"line":73,"column":6}},"27":{"start":{"line":75,"column":35},"end":{"line":75,"column":65}},"28":{"start":{"line":77,"column":4},"end":{"line":79,"column":null}},"29":{"start":{"line":78,"column":6},"end":{"line":78,"column":47}},"30":{"start":{"line":81,"column":26},"end":{"line":81,"column":63}},"31":{"start":{"line":83,"column":37},"end":{"line":83,"column":63}},"32":{"start":{"line":85,"column":4},"end":{"line":88,"column":6}},"33":{"start":{"line":92,"column":29},"end":{"line":92,"column":47}}},"fnMap":{"0":{"name":"(anonymous_0)","decl":{"start":{"line":3,"column":27},"end":{"line":3,"column":28}},"loc":{"start":{"line":3,"column":67},"end":{"line":21,"column":1}}},"1":{"name":"(anonymous_1)","decl":{"start":{"line":23,"column":27},"end":{"line":23,"column":null}},"loc":{"start":{"line":26,"column":23},"end":{"line":90,"column":1}}}},"branchMap":{"0":{"loc":{"start":{"line":4,"column":18},"end":{"line":4,"column":41}},"type":"cond-expr","locations":[{"start":{"line":4,"column":25},"end":{"line":4,"column":37}},{"start":{"line":4,"column":40},"end":{"line":4,"column":41}}]},"1":{"loc":{"start":{"line":6,"column":2},"end":{"line":8,"column":null}},"type":"if","locations":[{"start":{"line":6,"column":2},"end":{"line":8,"column":null}}]},"2":{"loc":{"start":{"line":6,"column":6},"end":{"line":6,"column":42}},"type":"binary-expr","locations":[{"start":{"line":6,"column":6},"end":{"line":6,"column":17}},{"start":{"line":6,"column":21},"end":{"line":6,"column":42}}]},"3":{"loc":{"start":{"line":10,"column":2},"end":{"line":12,"column":null}},"type":"if","locations":[{"start":{"line":10,"column":2},"end":{"line":12,"column":null}}]},"4":{"loc":{"start":{"line":10,"column":6},"end":{"line":10,"column":55}},"type":"binary-expr","locations":[{"start":{"line":10,"column":6},"end":{"line":10,"column":27}},{"start":{"line":10,"column":27},"end":{"line":10,"column":55}}]},"5":{"loc":{"start":{"line":10,"column":7},"end":{"line":10,"column":23}},"type":"cond-expr","locations":[{"start":{"line":10,"column":15},"end":{"line":10,"column":17}},{"start":{"line":10,"column":7},"end":{"line":10,"column":23}}]},"6":{"loc":{"start":{"line":10,"column":7},"end":{"line":10,"column":17}},"type":"binary-expr","locations":[{"start":{"line":10,"column":7},"end":{"line":10,"column":17}},{"start":{"line":10,"column":7},"end":{"line":10,"column":17}}]},"7":{"loc":{"start":{"line":28,"column":2},"end":{"line":32,"column":null}},"type":"if","locations":[{"start":{"line":28,"column":2},"end":{"line":32,"column":null}},{"start":{"line":30,"column":9},"end":{"line":32,"column":null}}]},"8":{"loc":{"start":{"line":28,"column":6},"end":{"line":28,"column":55}},"type":"binary-expr","locations":[{"start":{"line":28,"column":6},"end":{"line":28,"column":27}},{"start":{"line":28,"column":27},"end":{"line":28,"column":55}}]},"9":{"loc":{"start":{"line":28,"column":7},"end":{"line":28,"column":23}},"type":"cond-expr","locations":[{"start":{"line":28,"column":15},"end":{"line":28,"column":17}},{"start":{"line":28,"column":7},"end":{"line":28,"column":23}}]},"10":{"loc":{"start":{"line":28,"column":7},"end":{"line":28,"column":17}},"type":"binary-expr","locations":[{"start":{"line":28,"column":7},"end":{"line":28,"column":17}},{"start":{"line":28,"column":7},"end":{"line":28,"column":17}}]},"11":{"loc":{"start":{"line":30,"column":9},"end":{"line":32,"column":null}},"type":"if","locations":[{"start":{"line":30,"column":9},"end":{"line":32,"column":null}}]},"12":{"loc":{"start":{"line":30,"column":13},"end":{"line":30,"column":76}},"type":"binary-expr","locations":[{"start":{"line":30,"column":13},"end":{"line":30,"column":41}},{"start":{"line":30,"column":41},"end":{"line":30,"column":76}}]},"13":{"loc":{"start":{"line":30,"column":14},"end":{"line":30,"column":37}},"type":"cond-expr","locations":[{"start":{"line":30,"column":29},"end":{"line":30,"column":31}},{"start":{"line":30,"column":14},"end":{"line":30,"column":37}}]},"14":{"loc":{"start":{"line":30,"column":14},"end":{"line":30,"column":31}},"type":"binary-expr","locations":[{"start":{"line":30,"column":14},"end":{"line":30,"column":31}},{"start":{"line":30,"column":14},"end":{"line":30,"column":31}}]},"15":{"loc":{"start":{"line":39,"column":2},"end":{"line":89,"column":null}},"type":"if","locations":[{"start":{"line":39,"column":2},"end":{"line":89,"column":null}},{"start":{"line":74,"column":9},"end":{"line":89,"column":null}}]},"16":{"loc":{"start":{"line":39,"column":6},"end":{"line":39,"column":26}},"type":"cond-expr","locations":[{"start":{"line":39,"column":18},"end":{"line":39,"column":20}},{"start":{"line":39,"column":6},"end":{"line":39,"column":26}}]},"17":{"loc":{"start":{"line":39,"column":6},"end":{"line":39,"column":20}},"type":"binary-expr","locations":[{"start":{"line":39,"column":6},"end":{"line":39,"column":20}},{"start":{"line":39,"column":6},"end":{"line":39,"column":20}}]},"18":{"loc":{"start":{"line":40,"column":4},"end":{"line":42,"column":null}},"type":"if","locations":[{"start":{"line":40,"column":4},"end":{"line":42,"column":null}}]},"19":{"loc":{"start":{"line":54,"column":4},"end":{"line":59,"column":null}},"type":"if","locations":[{"start":{"line":54,"column":4},"end":{"line":59,"column":null}}]},"20":{"loc":{"start":{"line":55,"column":6},"end":{"line":56,"column":null}},"type":"binary-expr","locations":[{"start":{"line":55,"column":6},"end":{"line":55,"column":null}},{"start":{"line":56,"column":6},"end":{"line":56,"column":null}}]},"21":{"loc":{"start":{"line":55,"column":7},"end":{"line":55,"column":42}},"type":"cond-expr","locations":[{"start":{"line":55,"column":29},"end":{"line":55,"column":31}},{"start":{"line":55,"column":7},"end":{"line":55,"column":42}}]},"22":{"loc":{"start":{"line":55,"column":7},"end":{"line":55,"column":31}},"type":"binary-expr","locations":[{"start":{"line":55,"column":7},"end":{"line":55,"column":31}},{"start":{"line":55,"column":7},"end":{"line":55,"column":31}}]},"23":{"loc":{"start":{"line":56,"column":7},"end":{"line":56,"column":45}},"type":"cond-expr","locations":[{"start":{"line":56,"column":29},"end":{"line":56,"column":31}},{"start":{"line":56,"column":7},"end":{"line":56,"column":45}}]},"24":{"loc":{"start":{"line":56,"column":7},"end":{"line":56,"column":31}},"type":"binary-expr","locations":[{"start":{"line":56,"column":7},"end":{"line":56,"column":31}},{"start":{"line":56,"column":7},"end":{"line":56,"column":31}}]},"25":{"loc":{"start":{"line":67,"column":6},"end":{"line":68,"column":41}},"type":"binary-expr","locations":[{"start":{"line":67,"column":6},"end":{"line":67,"column":58}},{"start":{"line":68,"column":6},"end":{"line":68,"column":41}}]},"26":{"loc":{"start":{"line":77,"column":4},"end":{"line":79,"column":null}},"type":"if","locations":[{"start":{"line":77,"column":4},"end":{"line":79,"column":null}}]}},"s":{"0":1,"1":1,"2":18,"3":18,"4":1,"5":17,"6":1,"7":16,"8":16,"9":16,"10":1,"11":1,"12":5,"13":1,"14":4,"15":1,"16":3,"17":3,"18":2,"19":0,"20":2,"21":2,"22":2,"23":1,"24":1,"25":1,"26":1,"27":1,"28":1,"29":0,"30":1,"31":1,"32":1,"33":1},"f":{"0":18,"1":5},"b":{"0":[17,1],"1":[1],"2":[18,17],"3":[1],"4":[17,16],"5":[0,17],"6":[17,17],"7":[1,4],"8":[5,4],"9":[0,5],"10":[5,5],"11":[1],"12":[4,3],"13":[0,4],"14":[4,4],"15":[2,1],"16":[1,2],"17":[3,3],"18":[0],"19":[1],"20":[2,1],"21":[0,2],"22":[2,2],"23":[0,1],"24":[1,1],"25":[1,1],"26":[0]}}
,"/home/byefive/ARQUIVOS/Anselmo/development/npm-packages/encrypt-char/src/helpers/secret.ts": {"path":"/home/byefive/ARQUIVOS/Anselmo/development/npm-packages/encrypt-char/src/helpers/secret.ts","statementMap":{"0":{"start":{"line":1,"column":0},"end":{"line":1,"column":38}},"1":{"start":{"line":3,"column":24},"end":{"line":20,"column":1}},"2":{"start":{"line":4,"column":18},"end":{"line":4,"column":41}},"3":{"start":{"line":6,"column":2},"end":{"line":8,"column":null}},"4":{"start":{"line":7,"column":4},"end":{"line":7,"column":43}},"5":{"start":{"line":10,"column":15},"end":{"line":10,"column":17}},"6":{"start":{"line":11,"column":27},"end":{"line":11,"column":51}},"7":{"start":{"line":13,"column":2},"end":{"line":17,"column":null}},"8":{"start":{"line":13,"column":15},"end":{"line":13,"column":16}},"9":{"start":{"line":14,"column":4},"end":{"line":16,"column":6}},"10":{"start":{"line":19,"column":2},"end":{"line":19,"column":16}},"11":{"start":{"line":36,"column":9},"end":{"line":36,"column":24}},"12":{"start":{"line":22,"column":20},"end":{"line":34,"column":1}},"13":{"start":{"line":23,"column":18},"end":{"line":23,"column":41}},"14":{"start":{"line":25,"column":2},"end":{"line":29,"column":null}},"15":{"start":{"line":26,"column":4},"end":{"line":26,"column":43}},"16":{"start":{"line":27,"column":9},"end":{"line":29,"column":null}},"17":{"start":{"line":28,"column":4},"end":{"line":28,"column":45}},"18":{"start":{"line":31,"column":14},"end":{"line":31,"column":26}},"19":{"start":{"line":32,"column":14},"end":{"line":32,"column":45}},"20":{"start":{"line":33,"column":2},"end":{"line":33,"column":30}},"21":{"start":{"line":36,"column":26},"end":{"line":36,"column":37}}},"fnMap":{"0":{"name":"(anonymous_0)","decl":{"start":{"line":3,"column":24},"end":{"line":3,"column":25}},"loc":{"start":{"line":3,"column":46},"end":{"line":20,"column":1}}},"1":{"name":"(anonymous_1)","decl":{"start":{"line":22,"column":20},"end":{"line":22,"column":21}},"loc":{"start":{"line":22,"column":49},"end":{"line":34,"column":1}}}},"branchMap":{"0":{"loc":{"start":{"line":4,"column":18},"end":{"line":4,"column":41}},"type":"cond-expr","locations":[{"start":{"line":4,"column":25},"end":{"line":4,"column":37}},{"start":{"line":4,"column":40},"end":{"line":4,"column":41}}]},"1":{"loc":{"start":{"line":6,"column":2},"end":{"line":8,"column":null}},"type":"if","locations":[{"start":{"line":6,"column":2},"end":{"line":8,"column":null}}]},"2":{"loc":{"start":{"line":6,"column":6},"end":{"line":6,"column":42}},"type":"binary-expr","locations":[{"start":{"line":6,"column":6},"end":{"line":6,"column":17}},{"start":{"line":6,"column":21},"end":{"line":6,"column":42}}]},"3":{"loc":{"start":{"line":23,"column":18},"end":{"line":23,"column":41}},"type":"cond-expr","locations":[{"start":{"line":23,"column":25},"end":{"line":23,"column":37}},{"start":{"line":23,"column":40},"end":{"line":23,"column":41}}]},"4":{"loc":{"start":{"line":25,"column":2},"end":{"line":29,"column":null}},"type":"if","locations":[{"start":{"line":25,"column":2},"end":{"line":29,"column":null}},{"start":{"line":27,"column":9},"end":{"line":29,"column":null}}]},"5":{"loc":{"start":{"line":25,"column":6},"end":{"line":25,"column":42}},"type":"binary-expr","locations":[{"start":{"line":25,"column":6},"end":{"line":25,"column":17}},{"start":{"line":25,"column":21},"end":{"line":25,"column":42}}]},"6":{"loc":{"start":{"line":27,"column":9},"end":{"line":29,"column":null}},"type":"if","locations":[{"start":{"line":27,"column":9},"end":{"line":29,"column":null}}]},"7":{"loc":{"start":{"line":27,"column":13},"end":{"line":27,"column":58}},"type":"binary-expr","locations":[{"start":{"line":27,"column":13},"end":{"line":27,"column":32}},{"start":{"line":27,"column":32},"end":{"line":27,"column":58}}]},"8":{"loc":{"start":{"line":27,"column":14},"end":{"line":27,"column":28}},"type":"cond-expr","locations":[{"start":{"line":27,"column":20},"end":{"line":27,"column":22}},{"start":{"line":27,"column":14},"end":{"line":27,"column":28}}]},"9":{"loc":{"start":{"line":27,"column":14},"end":{"line":27,"column":22}},"type":"binary-expr","locations":[{"start":{"line":27,"column":14},"end":{"line":27,"column":22}},{"start":{"line":27,"column":14},"end":{"line":27,"column":22}}]},"10":{"loc":{"start":{"line":31,"column":14},"end":{"line":31,"column":26}},"type":"binary-expr","locations":[{"start":{"line":31,"column":14},"end":{"line":31,"column":20}},{"start":{"line":31,"column":24},"end":{"line":31,"column":26}}]},"11":{"loc":{"start":{"line":33,"column":9},"end":{"line":33,"column":29}},"type":"binary-expr","locations":[{"start":{"line":33,"column":9},"end":{"line":33,"column":23}},{"start":{"line":33,"column":27},"end":{"line":33,"column":29}}]}},"s":{"0":1,"1":1,"2":65,"3":65,"4":2,"5":63,"6":63,"7":63,"8":63,"9":252,"10":63,"11":1,"12":1,"13":4,"14":4,"15":0,"16":4,"17":0,"18":4,"19":4,"20":4,"21":1},"f":{"0":65,"1":4},"b":{"0":[65,0],"1":[2],"2":[65,64],"3":[4,0],"4":[0,4],"5":[4,4],"6":[0],"7":[4,4],"8":[0,4],"9":[4,4],"10":[4,0],"11":[4,0]}}
,"/home/byefive/ARQUIVOS/Anselmo/development/npm-packages/encrypt-char/src/lib/base64.ts": {"path":"/home/byefive/ARQUIVOS/Anselmo/development/npm-packages/encrypt-char/src/lib/base64.ts","statementMap":{"0":{"start":{"line":1,"column":0},"end":{"line":1,"column":47}},"1":{"start":{"line":3,"column":23},"end":{"line":3,"column":46}},"2":{"start":{"line":4,"column":24},"end":{"line":4,"column":48}},"3":{"start":{"line":6,"column":19},"end":{"line":20,"column":1}},"4":{"start":{"line":7,"column":2},"end":{"line":9,"column":null}},"5":{"start":{"line":8,"column":4},"end":{"line":8,"column":45}},"6":{"start":{"line":11,"column":15},"end":{"line":11,"column":41}},"7":{"start":{"line":12,"column":20},"end":{"line":12,"column":43}},"8":{"start":{"line":14,"column":29},"end":{"line":17,"column":68}},"9":{"start":{"line":19,"column":2},"end":{"line":19,"column":28}},"10":{"start":{"line":36,"column":21},"end":{"line":36,"column":31}},"11":{"start":{"line":21,"column":19},"end":{"line":34,"column":1}},"12":{"start":{"line":22,"column":2},"end":{"line":24,"column":null}},"13":{"start":{"line":23,"column":4},"end":{"line":23,"column":45}},"14":{"start":{"line":26,"column":28},"end":{"line":29,"column":73}},"15":{"start":{"line":31,"column":15},"end":{"line":31,"column":55}},"16":{"start":{"line":33,"column":2},"end":{"line":33,"column":32}},"17":{"start":{"line":36,"column":9},"end":{"line":36,"column":19}}},"fnMap":{"0":{"name":"(anonymous_0)","decl":{"start":{"line":6,"column":19},"end":{"line":6,"column":20}},"loc":{"start":{"line":6,"column":32},"end":{"line":20,"column":1}}},"1":{"name":"(anonymous_1)","decl":{"start":{"line":21,"column":19},"end":{"line":21,"column":20}},"loc":{"start":{"line":21,"column":32},"end":{"line":34,"column":1}}}},"branchMap":{"0":{"loc":{"start":{"line":7,"column":2},"end":{"line":9,"column":null}},"type":"if","locations":[{"start":{"line":7,"column":2},"end":{"line":9,"column":null}}]},"1":{"loc":{"start":{"line":7,"column":6},"end":{"line":7,"column":47}},"type":"binary-expr","locations":[{"start":{"line":7,"column":6},"end":{"line":7,"column":23}},{"start":{"line":7,"column":23},"end":{"line":7,"column":47}}]},"2":{"loc":{"start":{"line":7,"column":7},"end":{"line":7,"column":19}},"type":"cond-expr","locations":[{"start":{"line":7,"column":11},"end":{"line":7,"column":13}},{"start":{"line":7,"column":7},"end":{"line":7,"column":19}}]},"3":{"loc":{"start":{"line":7,"column":7},"end":{"line":7,"column":13}},"type":"binary-expr","locations":[{"start":{"line":7,"column":7},"end":{"line":7,"column":13}},{"start":{"line":7,"column":7},"end":{"line":7,"column":13}}]},"4":{"loc":{"start":{"line":22,"column":2},"end":{"line":24,"column":null}},"type":"if","locations":[{"start":{"line":22,"column":2},"end":{"line":24,"column":null}}]},"5":{"loc":{"start":{"line":22,"column":6},"end":{"line":22,"column":47}},"type":"binary-expr","locations":[{"start":{"line":22,"column":6},"end":{"line":22,"column":23}},{"start":{"line":22,"column":23},"end":{"line":22,"column":47}}]},"6":{"loc":{"start":{"line":22,"column":7},"end":{"line":22,"column":19}},"type":"cond-expr","locations":[{"start":{"line":22,"column":11},"end":{"line":22,"column":13}},{"start":{"line":22,"column":7},"end":{"line":22,"column":19}}]},"7":{"loc":{"start":{"line":22,"column":7},"end":{"line":22,"column":13}},"type":"binary-expr","locations":[{"start":{"line":22,"column":7},"end":{"line":22,"column":13}},{"start":{"line":22,"column":7},"end":{"line":22,"column":13}}]}},"s":{"0":1,"1":1,"2":1,"3":1,"4":36,"5":1,"6":35,"7":35,"8":35,"9":35,"10":1,"11":1,"12":12,"13":1,"14":11,"15":11,"16":11,"17":1},"f":{"0":36,"1":12},"b":{"0":[1],"1":[36,35],"2":[0,36],"3":[36,36],"4":[1],"5":[12,11],"6":[0,12],"7":[12,12]}}
,"/home/byefive/ARQUIVOS/Anselmo/development/npm-packages/encrypt-char/src/lib/keychar.ts": {"path":"/home/byefive/ARQUIVOS/Anselmo/development/npm-packages/encrypt-char/src/lib/keychar.ts","statementMap":{"0":{"start":{"line":1,"column":0},"end":{"line":1,"column":47}},"1":{"start":{"line":2,"column":0},"end":{"line":2,"column":60}},"2":{"start":{"line":3,"column":0},"end":{"line":3,"column":65}},"3":{"start":{"line":4,"column":0},"end":{"line":4,"column":null}},"4":{"start":{"line":9,"column":31},"end":{"line":9,"column":33}},"5":{"start":{"line":11,"column":27},"end":{"line":14,"column":1}},"6":{"start":{"line":12,"column":22},"end":{"line":12,"column":56}},"7":{"start":{"line":13,"column":2},"end":{"line":13,"column":30}},"8":{"start":{"line":16,"column":24},"end":{"line":26,"column":1}},"9":{"start":{"line":17,"column":22},"end":{"line":23,"column":4}},"10":{"start":{"line":18,"column":22},"end":{"line":18,"column":43}},"11":{"start":{"line":20,"column":4},"end":{"line":20,"column":33}},"12":{"start":{"line":22,"column":4},"end":{"line":22,"column":30}},"13":{"start":{"line":25,"column":2},"end":{"line":25,"column":62}},"14":{"start":{"line":25,"column":32},"end":{"line":25,"column":52}},"15":{"start":{"line":28,"column":26},"end":{"line":38,"column":1}},"16":{"start":{"line":29,"column":24},"end":{"line":35,"column":6}},"17":{"start":{"line":31,"column":16},"end":{"line":31,"column":36}},"18":{"start":{"line":33,"column":24},"end":{"line":33,"column":43}},"19":{"start":{"line":34,"column":6},"end":{"line":34,"column":32}},"20":{"start":{"line":37,"column":2},"end":{"line":37,"column":64}},"21":{"start":{"line":37,"column":34},"end":{"line":37,"column":54}},"22":{"start":{"line":40,"column":19},"end":{"line":75,"column":1}},"23":{"start":{"line":41,"column":2},"end":{"line":43,"column":null}},"24":{"start":{"line":42,"column":4},"end":{"line":42,"column":39}},"25":{"start":{"line":45,"column":18},"end":{"line":45,"column":41}},"26":{"start":{"line":47,"column":2},"end":{"line":49,"column":null}},"27":{"start":{"line":48,"column":4},"end":{"line":48,"column":43}},"28":{"start":{"line":51,"column":19},"end":{"line":51,"column":56}},"29":{"start":{"line":52,"column":22},"end":{"line":52,"column":46}},"30":{"start":{"line":53,"column":22},"end":{"line":53,"column":46}},"31":{"start":{"line":54,"column":24},"end":{"line":54,"column":43}},"32":{"start":{"line":56,"column":21},"end":{"line":60,"column":4}},"33":{"start":{"line":62,"column":2},"end":{"line":74,"column":4}},"34":{"start":{"line":210,"column":26},"end":{"line":210,"column":36}},"35":{"start":{"line":77,"column":24},"end":{"line":122,"column":1}},"36":{"start":{"line":78,"column":2},"end":{"line":82,"column":null}},"37":{"start":{"line":79,"column":4},"end":{"line":79,"column":48}},"38":{"start":{"line":80,"column":9},"end":{"line":82,"column":null}},"39":{"start":{"line":81,"column":4},"end":{"line":81,"column":49}},"40":{"start":{"line":84,"column":30},"end":{"line":84,"column":31}},"41":{"start":{"line":86,"column":28},"end":{"line":86,"column":55}},"42":{"start":{"line":88,"column":25},"end":{"line":88,"column":60}},"43":{"start":{"line":90,"column":29},"end":{"line":90,"column":58}},"44":{"start":{"line":91,"column":23},"end":{"line":91,"column":65}},"45":{"start":{"line":93,"column":25},"end":{"line":95,"column":10}},"46":{"start":{"line":97,"column":26},"end":{"line":97,"column":55}},"47":{"start":{"line":99,"column":21},"end":{"line":99,"column":59}},"48":{"start":{"line":101,"column":30},"end":{"line":101,"column":50}},"49":{"start":{"line":104,"column":4},"end":{"line":108,"column":23}},"50":{"start":{"line":110,"column":23},"end":{"line":112,"column":46}},"51":{"start":{"line":114,"column":26},"end":{"line":114,"column":52}},"52":{"start":{"line":116,"column":2},"end":{"line":121,"column":4}},"53":{"start":{"line":210,"column":9},"end":{"line":210,"column":24}},"54":{"start":{"line":124,"column":21},"end":{"line":208,"column":1}},"55":{"start":{"line":129,"column":2},"end":{"line":135,"column":null}},"56":{"start":{"line":130,"column":4},"end":{"line":130,"column":48}},"57":{"start":{"line":131,"column":9},"end":{"line":135,"column":null}},"58":{"start":{"line":132,"column":4},"end":{"line":132,"column":49}},"59":{"start":{"line":133,"column":9},"end":{"line":135,"column":null}},"60":{"start":{"line":134,"column":4},"end":{"line":134,"column":45}},"61":{"start":{"line":140,"column":27},"end":{"line":140,"column":29}},"62":{"start":{"line":141,"column":31},"end":{"line":141,"column":33}},"63":{"start":{"line":144,"column":23},"end":{"line":144,"column":57}},"64":{"start":{"line":146,"column":2},"end":{"line":152,"column":null}},"65":{"start":{"line":147,"column":4},"end":{"line":147,"column":40}},"66":{"start":{"line":148,"column":4},"end":{"line":148,"column":44}},"67":{"start":{"line":149,"column":4},"end":{"line":149,"column":44}},"68":{"start":{"line":151,"column":4},"end":{"line":151,"column":40}},"69":{"start":{"line":155,"column":2},"end":{"line":164,"column":null}},"70":{"start":{"line":159,"column":4},"end":{"line":161,"column":43}},"71":{"start":{"line":163,"column":4},"end":{"line":163,"column":54}},"72":{"start":{"line":167,"column":2},"end":{"line":167,"column":43}},"73":{"start":{"line":170,"column":2},"end":{"line":174,"column":null}},"74":{"start":{"line":171,"column":4},"end":{"line":171,"column":58}},"75":{"start":{"line":173,"column":4},"end":{"line":173,"column":46}},"76":{"start":{"line":177,"column":2},"end":{"line":183,"column":null}},"77":{"start":{"line":178,"column":22},"end":{"line":178,"column":61}},"78":{"start":{"line":179,"column":4},"end":{"line":179,"column":58}},"79":{"start":{"line":180,"column":4},"end":{"line":180,"column":60}},"80":{"start":{"line":182,"column":4},"end":{"line":182,"column":46}},"81":{"start":{"line":186,"column":2},"end":{"line":186,"column":37}},"82":{"start":{"line":187,"column":2},"end":{"line":187,"column":41}},"83":{"start":{"line":188,"column":2},"end":{"line":188,"column":19}},"84":{"start":{"line":189,"column":2},"end":{"line":189,"column":21}},"85":{"start":{"line":191,"column":2},"end":{"line":207,"column":null}},"86":{"start":{"line":192,"column":29},"end":{"line":192,"column":31}},"87":{"start":{"line":194,"column":4},"end":{"line":202,"column":null}},"88":{"start":{"line":195,"column":6},"end":{"line":197,"column":8}},"89":{"start":{"line":196,"column":40},"end":{"line":196,"column":null}},"90":{"start":{"line":198,"column":11},"end":{"line":202,"column":null}},"91":{"start":{"line":199,"column":6},"end":{"line":201,"column":8}},"92":{"start":{"line":200,"column":40},"end":{"line":200,"column":null}},"93":{"start":{"line":204,"column":4},"end":{"line":204,"column":23}},"94":{"start":{"line":206,"column":4},"end":{"line":206,"column":59}},"95":{"start":{"line":210,"column":38},"end":{"line":210,"column":50}}},"fnMap":{"0":{"name":"(anonymous_0)","decl":{"start":{"line":11,"column":27},"end":{"line":11,"column":28}},"loc":{"start":{"line":11,"column":43},"end":{"line":14,"column":1}}},"1":{"name":"(anonymous_1)","decl":{"start":{"line":16,"column":24},"end":{"line":16,"column":25}},"loc":{"start":{"line":16,"column":37},"end":{"line":26,"column":1}}},"2":{"name":"(anonymous_2)","decl":{"start":{"line":17,"column":54},"end":{"line":17,"column":55}},"loc":{"start":{"line":17,"column":69},"end":{"line":23,"column":3}}},"3":{"name":"(anonymous_3)","decl":{"start":{"line":25,"column":26},"end":{"line":25,"column":32}},"loc":{"start":{"line":25,"column":26},"end":{"line":25,"column":36}}},"4":{"name":"(anonymous_4)","decl":{"start":{"line":28,"column":26},"end":{"line":28,"column":null}},"loc":{"start":{"line":28,"column":26},"end":{"line":38,"column":1}}},"5":{"name":"(anonymous_5)","decl":{"start":{"line":31,"column":10},"end":{"line":31,"column":16}},"loc":{"start":{"line":31,"column":10},"end":{"line":31,"column":20}}},"6":{"name":"(anonymous_6)","decl":{"start":{"line":32,"column":9},"end":{"line":32,"column":10}},"loc":{"start":{"line":32,"column":39},"end":{"line":35,"column":5}}},"7":{"name":"(anonymous_7)","decl":{"start":{"line":37,"column":28},"end":{"line":37,"column":34}},"loc":{"start":{"line":37,"column":28},"end":{"line":37,"column":38}}},"8":{"name":"(anonymous_8)","decl":{"start":{"line":40,"column":19},"end":{"line":40,"column":20}},"loc":{"start":{"line":40,"column":50},"end":{"line":75,"column":1}}},"9":{"name":"(anonymous_9)","decl":{"start":{"line":77,"column":24},"end":{"line":77,"column":25}},"loc":{"start":{"line":77,"column":58},"end":{"line":122,"column":1}}},"10":{"name":"(anonymous_10)","decl":{"start":{"line":124,"column":21},"end":{"line":124,"column":null}},"loc":{"start":{"line":127,"column":27},"end":{"line":208,"column":1}}},"11":{"name":"(anonymous_11)","decl":{"start":{"line":196,"column":8},"end":{"line":196,"column":9}},"loc":{"start":{"line":196,"column":35},"end":{"line":196,"column":41}}},"12":{"name":"(anonymous_12)","decl":{"start":{"line":200,"column":8},"end":{"line":200,"column":9}},"loc":{"start":{"line":200,"column":35},"end":{"line":200,"column":41}}}},"branchMap":{"0":{"loc":{"start":{"line":12,"column":23},"end":{"line":12,"column":48}},"type":"binary-expr","locations":[{"start":{"line":12,"column":23},"end":{"line":12,"column":42}},{"start":{"line":12,"column":46},"end":{"line":12,"column":48}}]},"1":{"loc":{"start":{"line":13,"column":9},"end":{"line":13,"column":29}},"type":"binary-expr","locations":[{"start":{"line":13,"column":9},"end":{"line":13,"column":24}},{"start":{"line":13,"column":28},"end":{"line":13,"column":29}}]},"2":{"loc":{"start":{"line":41,"column":2},"end":{"line":43,"column":null}},"type":"if","locations":[{"start":{"line":41,"column":2},"end":{"line":43,"column":null}}]},"3":{"loc":{"start":{"line":41,"column":6},"end":{"line":41,"column":55}},"type":"binary-expr","locations":[{"start":{"line":41,"column":6},"end":{"line":41,"column":27}},{"start":{"line":41,"column":27},"end":{"line":41,"column":55}}]},"4":{"loc":{"start":{"line":41,"column":7},"end":{"line":41,"column":23}},"type":"cond-expr","locations":[{"start":{"line":41,"column":15},"end":{"line":41,"column":17}},{"start":{"line":41,"column":7},"end":{"line":41,"column":23}}]},"5":{"loc":{"start":{"line":41,"column":7},"end":{"line":41,"column":17}},"type":"binary-expr","locations":[{"start":{"line":41,"column":7},"end":{"line":41,"column":17}},{"start":{"line":41,"column":7},"end":{"line":41,"column":17}}]},"6":{"loc":{"start":{"line":45,"column":18},"end":{"line":45,"column":41}},"type":"cond-expr","locations":[{"start":{"line":45,"column":25},"end":{"line":45,"column":37}},{"start":{"line":45,"column":40},"end":{"line":45,"column":41}}]},"7":{"loc":{"start":{"line":47,"column":2},"end":{"line":49,"column":null}},"type":"if","locations":[{"start":{"line":47,"column":2},"end":{"line":49,"column":null}}]},"8":{"loc":{"start":{"line":47,"column":6},"end":{"line":47,"column":42}},"type":"binary-expr","locations":[{"start":{"line":47,"column":6},"end":{"line":47,"column":17}},{"start":{"line":47,"column":21},"end":{"line":47,"column":42}}]},"9":{"loc":{"start":{"line":72,"column":6},"end":{"line":72,"column":28}},"type":"cond-expr","locations":[{"start":{"line":72,"column":17},"end":{"line":72,"column":19}},{"start":{"line":72,"column":6},"end":{"line":72,"column":28}}]},"10":{"loc":{"start":{"line":72,"column":6},"end":{"line":72,"column":19}},"type":"binary-expr","locations":[{"start":{"line":72,"column":6},"end":{"line":72,"column":19}},{"start":{"line":72,"column":6},"end":{"line":72,"column":19}}]},"11":{"loc":{"start":{"line":78,"column":2},"end":{"line":82,"column":null}},"type":"if","locations":[{"start":{"line":78,"column":2},"end":{"line":82,"column":null}},{"start":{"line":80,"column":9},"end":{"line":82,"column":null}}]},"12":{"loc":{"start":{"line":78,"column":6},"end":{"line":78,"column":53}},"type":"binary-expr","locations":[{"start":{"line":78,"column":6},"end":{"line":78,"column":26}},{"start":{"line":78,"column":26},"end":{"line":78,"column":53}}]},"13":{"loc":{"start":{"line":78,"column":7},"end":{"line":78,"column":22}},"type":"cond-expr","locations":[{"start":{"line":78,"column":14},"end":{"line":78,"column":16}},{"start":{"line":78,"column":7},"end":{"line":78,"column":22}}]},"14":{"loc":{"start":{"line":78,"column":7},"end":{"line":78,"column":16}},"type":"binary-expr","locations":[{"start":{"line":78,"column":7},"end":{"line":78,"column":16}},{"start":{"line":78,"column":7},"end":{"line":78,"column":16}}]},"15":{"loc":{"start":{"line":80,"column":9},"end":{"line":82,"column":null}},"type":"if","locations":[{"start":{"line":80,"column":9},"end":{"line":82,"column":null}}]},"16":{"loc":{"start":{"line":80,"column":13},"end":{"line":80,"column":62}},"type":"binary-expr","locations":[{"start":{"line":80,"column":13},"end":{"line":80,"column":34}},{"start":{"line":80,"column":34},"end":{"line":80,"column":62}}]},"17":{"loc":{"start":{"line":80,"column":14},"end":{"line":80,"column":30}},"type":"cond-expr","locations":[{"start":{"line":80,"column":22},"end":{"line":80,"column":24}},{"start":{"line":80,"column":14},"end":{"line":80,"column":30}}]},"18":{"loc":{"start":{"line":80,"column":14},"end":{"line":80,"column":24}},"type":"binary-expr","locations":[{"start":{"line":80,"column":14},"end":{"line":80,"column":24}},{"start":{"line":80,"column":14},"end":{"line":80,"column":24}}]},"19":{"loc":{"start":{"line":88,"column":25},"end":{"line":88,"column":60}},"type":"cond-expr","locations":[{"start":{"line":88,"column":52},"end":{"line":88,"column":54}},{"start":{"line":88,"column":52},"end":{"line":88,"column":60}}]},"20":{"loc":{"start":{"line":88,"column":25},"end":{"line":88,"column":54}},"type":"binary-expr","locations":[{"start":{"line":88,"column":25},"end":{"line":88,"column":54}},{"start":{"line":88,"column":52},"end":{"line":88,"column":54}}]},"21":{"loc":{"start":{"line":94,"column":4},"end":{"line":94,"column":35}},"type":"cond-expr","locations":[{"start":{"line":94,"column":22},"end":{"line":94,"column":24}},{"start":{"line":94,"column":4},"end":{"line":94,"column":35}}]},"22":{"loc":{"start":{"line":94,"column":4},"end":{"line":94,"column":24}},"type":"binary-expr","locations":[{"start":{"line":94,"column":4},"end":{"line":94,"column":24}},{"start":{"line":94,"column":4},"end":{"line":94,"column":24}}]},"23":{"loc":{"start":{"line":94,"column":38},"end":{"line":94,"column":67}},"type":"cond-expr","locations":[{"start":{"line":94,"column":56},"end":{"line":94,"column":58}},{"start":{"line":94,"column":38},"end":{"line":94,"column":67}}]},"24":{"loc":{"start":{"line":94,"column":38},"end":{"line":94,"column":58}},"type":"binary-expr","locations":[{"start":{"line":94,"column":38},"end":{"line":94,"column":58}},{"start":{"line":94,"column":38},"end":{"line":94,"column":58}}]},"25":{"loc":{"start":{"line":101,"column":30},"end":{"line":101,"column":50}},"type":"cond-expr","locations":[{"start":{"line":101,"column":42},"end":{"line":101,"column":44}},{"start":{"line":101,"column":30},"end":{"line":101,"column":50}}]},"26":{"loc":{"start":{"line":101,"column":30},"end":{"line":101,"column":44}},"type":"binary-expr","locations":[{"start":{"line":101,"column":30},"end":{"line":101,"column":44}},{"start":{"line":101,"column":30},"end":{"line":101,"column":44}}]},"27":{"loc":{"start":{"line":118,"column":6},"end":{"line":118,"column":79}},"type":"binary-expr","locations":[{"start":{"line":118,"column":6},"end":{"line":118,"column":47}},{"start":{"line":118,"column":47},"end":{"line":118,"column":79}}]},"28":{"loc":{"start":{"line":118,"column":28},"end":{"line":118,"column":43}},"type":"cond-expr","locations":[{"start":{"line":118,"column":35},"end":{"line":118,"column":37}},{"start":{"line":118,"column":28},"end":{"line":118,"column":43}}]},"29":{"loc":{"start":{"line":118,"column":28},"end":{"line":118,"column":37}},"type":"binary-expr","locations":[{"start":{"line":118,"column":28},"end":{"line":118,"column":37}},{"start":{"line":118,"column":28},"end":{"line":118,"column":37}}]},"30":{"loc":{"start":{"line":129,"column":2},"end":{"line":135,"column":null}},"type":"if","locations":[{"start":{"line":129,"column":2},"end":{"line":135,"column":null}},{"start":{"line":131,"column":9},"end":{"line":135,"column":null}}]},"31":{"loc":{"start":{"line":129,"column":6},"end":{"line":129,"column":53}},"type":"binary-expr","locations":[{"start":{"line":129,"column":6},"end":{"line":129,"column":26}},{"start":{"line":129,"column":26},"end":{"line":129,"column":53}}]},"32":{"loc":{"start":{"line":129,"column":7},"end":{"line":129,"column":22}},"type":"cond-expr","locations":[{"start":{"line":129,"column":14},"end":{"line":129,"column":16}},{"start":{"line":129,"column":7},"end":{"line":129,"column":22}}]},"33":{"loc":{"start":{"line":129,"column":7},"end":{"line":129,"column":16}},"type":"binary-expr","locations":[{"start":{"line":129,"column":7},"end":{"line":129,"column":16}},{"start":{"line":129,"column":7},"end":{"line":129,"column":16}}]},"34":{"loc":{"start":{"line":131,"column":9},"end":{"line":135,"column":null}},"type":"if","locations":[{"start":{"line":131,"column":9},"end":{"line":135,"column":null}},{"start":{"line":133,"column":9},"end":{"line":135,"column":null}}]},"35":{"loc":{"start":{"line":131,"column":13},"end":{"line":131,"column":62}},"type":"binary-expr","locations":[{"start":{"line":131,"column":13},"end":{"line":131,"column":34}},{"start":{"line":131,"column":34},"end":{"line":131,"column":62}}]},"36":{"loc":{"start":{"line":131,"column":14},"end":{"line":131,"column":30}},"type":"cond-expr","locations":[{"start":{"line":131,"column":22},"end":{"line":131,"column":24}},{"start":{"line":131,"column":14},"end":{"line":131,"column":30}}]},"37":{"loc":{"start":{"line":131,"column":14},"end":{"line":131,"column":24}},"type":"binary-expr","locations":[{"start":{"line":131,"column":14},"end":{"line":131,"column":24}},{"start":{"line":131,"column":14},"end":{"line":131,"column":24}}]},"38":{"loc":{"start":{"line":133,"column":9},"end":{"line":135,"column":null}},"type":"if","locations":[{"start":{"line":133,"column":9},"end":{"line":135,"column":null}}]},"39":{"loc":{"start":{"line":133,"column":13},"end":{"line":133,"column":66}},"type":"binary-expr","locations":[{"start":{"line":133,"column":13},"end":{"line":133,"column":30}},{"start":{"line":133,"column":30},"end":{"line":133,"column":66}}]},"40":{"loc":{"start":{"line":133,"column":14},"end":{"line":133,"column":26}},"type":"cond-expr","locations":[{"start":{"line":133,"column":18},"end":{"line":133,"column":20}},{"start":{"line":133,"column":14},"end":{"line":133,"column":26}}]},"41":{"loc":{"start":{"line":133,"column":14},"end":{"line":133,"column":20}},"type":"binary-expr","locations":[{"start":{"line":133,"column":14},"end":{"line":133,"column":20}},{"start":{"line":133,"column":14},"end":{"line":133,"column":20}}]},"42":{"loc":{"start":{"line":146,"column":2},"end":{"line":152,"column":null}},"type":"if","locations":[{"start":{"line":146,"column":2},"end":{"line":152,"column":null}},{"start":{"line":150,"column":9},"end":{"line":152,"column":null}}]},"43":{"loc":{"start":{"line":146,"column":6},"end":{"line":146,"column":27}},"type":"cond-expr","locations":[{"start":{"line":146,"column":18},"end":{"line":146,"column":20}},{"start":{"line":146,"column":6},"end":{"line":146,"column":27}}]},"44":{"loc":{"start":{"line":146,"column":6},"end":{"line":146,"column":20}},"type":"binary-expr","locations":[{"start":{"line":146,"column":6},"end":{"line":146,"column":20}},{"start":{"line":146,"column":6},"end":{"line":146,"column":20}}]},"45":{"loc":{"start":{"line":155,"column":2},"end":{"line":164,"column":null}},"type":"if","locations":[{"start":{"line":155,"column":2},"end":{"line":164,"column":null}},{"start":{"line":162,"column":9},"end":{"line":164,"column":null}}]},"46":{"loc":{"start":{"line":156,"column":4},"end":{"line":157,"column":37}},"type":"binary-expr","locations":[{"start":{"line":156,"column":4},"end":{"line":156,"column":39}},{"start":{"line":157,"column":4},"end":{"line":157,"column":37}}]},"47":{"loc":{"start":{"line":170,"column":2},"end":{"line":174,"column":null}},"type":"if","locations":[{"start":{"line":170,"column":2},"end":{"line":174,"column":null}},{"start":{"line":172,"column":9},"end":{"line":174,"column":null}}]},"48":{"loc":{"start":{"line":170,"column":6},"end":{"line":170,"column":27}},"type":"cond-expr","locations":[{"start":{"line":170,"column":19},"end":{"line":170,"column":21}},{"start":{"line":170,"column":6},"end":{"line":170,"column":27}}]},"49":{"loc":{"start":{"line":170,"column":6},"end":{"line":170,"column":21}},"type":"binary-expr","locations":[{"start":{"line":170,"column":6},"end":{"line":170,"column":21}},{"start":{"line":170,"column":6},"end":{"line":170,"column":21}}]},"50":{"loc":{"start":{"line":177,"column":2},"end":{"line":183,"column":null}},"type":"if","locations":[{"start":{"line":177,"column":2},"end":{"line":183,"column":null}},{"start":{"line":181,"column":9},"end":{"line":183,"column":null}}]},"51":{"loc":{"start":{"line":177,"column":6},"end":{"line":177,"column":26}},"type":"cond-expr","locations":[{"start":{"line":177,"column":18},"end":{"line":177,"column":20}},{"start":{"line":177,"column":6},"end":{"line":177,"column":26}}]},"52":{"loc":{"start":{"line":177,"column":6},"end":{"line":177,"column":20}},"type":"binary-expr","locations":[{"start":{"line":177,"column":6},"end":{"line":177,"column":20}},{"start":{"line":177,"column":6},"end":{"line":177,"column":20}}]},"53":{"loc":{"start":{"line":191,"column":2},"end":{"line":207,"column":null}},"type":"if","locations":[{"start":{"line":191,"column":2},"end":{"line":207,"column":null}},{"start":{"line":205,"column":9},"end":{"line":207,"column":null}}]},"54":{"loc":{"start":{"line":191,"column":6},"end":{"line":191,"column":62}},"type":"binary-expr","locations":[{"start":{"line":191,"column":6},"end":{"line":191,"column":31}},{"start":{"line":191,"column":35},"end":{"line":191,"column":62}}]},"55":{"loc":{"start":{"line":191,"column":6},"end":{"line":191,"column":24}},"type":"cond-expr","locations":[{"start":{"line":191,"column":16},"end":{"line":191,"column":18}},{"start":{"line":191,"column":6},"end":{"line":191,"column":24}}]},"56":{"loc":{"start":{"line":191,"column":6},"end":{"line":191,"column":18}},"type":"binary-expr","locations":[{"start":{"line":191,"column":6},"end":{"line":191,"column":18}},{"start":{"line":191,"column":6},"end":{"line":191,"column":18}}]},"57":{"loc":{"start":{"line":191,"column":35},"end":{"line":191,"column":55}},"type":"cond-expr","locations":[{"start":{"line":191,"column":47},"end":{"line":191,"column":49}},{"start":{"line":191,"column":35},"end":{"line":191,"column":55}}]},"58":{"loc":{"start":{"line":191,"column":35},"end":{"line":191,"column":49}},"type":"binary-expr","locations":[{"start":{"line":191,"column":35},"end":{"line":191,"column":49}},{"start":{"line":191,"column":35},"end":{"line":191,"column":49}}]},"59":{"loc":{"start":{"line":194,"column":4},"end":{"line":202,"column":null}},"type":"if","locations":[{"start":{"line":194,"column":4},"end":{"line":202,"column":null}},{"start":{"line":198,"column":11},"end":{"line":202,"column":null}}]},"60":{"loc":{"start":{"line":198,"column":11},"end":{"line":202,"column":null}},"type":"if","locations":[{"start":{"line":198,"column":11},"end":{"line":202,"column":null}}]}},"s":{"0":1,"1":1,"2":1,"3":1,"4":1,"5":1,"6":14,"7":14,"8":1,"9":1,"10":62,"11":62,"12":62,"13":1,"14":283,"15":1,"16":1,"17":284,"18":62,"19":62,"20":1,"21":281,"22":1,"23":3,"24":1,"25":2,"26":2,"27":1,"28":1,"29":1,"30":1,"31":1,"32":1,"33":1,"34":1,"35":1,"36":16,"37":1,"38":15,"39":1,"40":14,"41":14,"42":14,"43":14,"44":14,"45":14,"46":14,"47":14,"48":14,"49":14,"50":14,"51":14,"52":14,"53":1,"54":1,"55":14,"56":2,"57":12,"58":2,"59":10,"60":0,"61":10,"62":10,"63":10,"64":10,"65":4,"66":4,"67":4,"68":6,"69":4,"70":4,"71":0,"72":4,"73":4,"74":4,"75":0,"76":4,"77":4,"78":4,"79":4,"80":0,"81":4,"82":4,"83":4,"84":4,"85":4,"86":4,"87":4,"88":2,"89":124,"90":2,"91":2,"92":124,"93":4,"94":0,"95":1},"f":{"0":14,"1":1,"2":62,"3":283,"4":1,"5":284,"6":62,"7":281,"8":3,"9":16,"10":14,"11":124,"12":124},"b":{"0":[14,0],"1":[14,0],"2":[1],"3":[3,2],"4":[0,3],"5":[3,3],"6":[2,0],"7":[1],"8":[2,1],"9":[0,1],"10":[1,1],"11":[1,15],"12":[16,15],"13":[0,16],"14":[16,16],"15":[1],"16":[15,14],"17":[0,15],"18":[15,15],"19":[0,14],"20":[14,14],"21":[0,14],"22":[14,14],"23":[0,14],"24":[14,14],"25":[0,14],"26":[14,14],"27":[14,6],"28":[0,14],"29":[14,14],"30":[2,12],"31":[14,12],"32":[0,14],"33":[14,14],"34":[2,10],"35":[12,10],"36":[0,12],"37":[12,12],"38":[0],"39":[10,10],"40":[0,10],"41":[10,10],"42":[4,6],"43":[0,10],"44":[10,10],"45":[4,0],"46":[4,4],"47":[4,0],"48":[0,4],"49":[4,4],"50":[4,0],"51":[0,4],"52":[4,4],"53":[4,0],"54":[4,4],"55":[0,4],"56":[4,4],"57":[0,4],"58":[4,4],"59":[2,2],"60":[2]}}
}
