TN:
SF:src/index.ts
FN:6,(anonymous_0)
FN:21,(anonymous_1)
FN:25,(anonymous_2)
FN:37,(anonymous_3)
FN:44,(anonymous_4)
FN:52,(anonymous_5)
FNF:6
FNH:6
FNDA:6,(anonymous_0)
FNDA:68,(anonymous_1)
FNDA:6,(anonymous_2)
FNDA:68,(anonymous_3)
FNDA:2,(anonymous_4)
FNDA:2,(anonymous_5)
DA:1,1
DA:2,1
DA:3,1
DA:5,1
DA:7,6
DA:8,1
DA:9,5
DA:10,1
DA:11,4
DA:12,1
DA:15,3
DA:17,1
DA:19,1
DA:21,68
DA:26,6
DA:27,1
DA:28,5
DA:29,1
DA:30,4
DA:31,1
DA:34,3
DA:35,1
DA:37,68
DA:39,1
DA:41,1
DA:45,2
DA:46,1
DA:49,1
DA:53,2
DA:54,1
DA:57,1
LF:31
LH:31
BRDA:7,0,0,1
BRDA:7,0,1,5
BRDA:7,1,0,6
BRDA:7,1,1,5
BRDA:7,2,0,0
BRDA:7,2,1,6
BRDA:7,3,0,6
BRDA:7,3,1,6
BRDA:9,4,0,1
BRDA:9,4,1,4
BRDA:9,5,0,5
BRDA:9,5,1,4
BRDA:9,6,0,0
BRDA:9,6,1,5
BRDA:9,7,0,5
BRDA:9,7,1,5
BRDA:11,8,0,1
BRDA:11,9,0,4
BRDA:11,9,1,3
BRDA:11,10,0,0
BRDA:11,10,1,4
BRDA:11,11,0,4
BRDA:11,11,1,4
BRDA:26,12,0,1
BRDA:26,12,1,5
BRDA:26,13,0,6
BRDA:26,13,1,5
BRDA:26,14,0,0
BRDA:26,14,1,6
BRDA:26,15,0,6
BRDA:26,15,1,6
BRDA:28,16,0,1
BRDA:28,16,1,4
BRDA:28,17,0,5
BRDA:28,17,1,4
BRDA:28,18,0,0
BRDA:28,18,1,5
BRDA:28,19,0,5
BRDA:28,19,1,5
BRDA:30,20,0,1
BRDA:30,21,0,4
BRDA:30,21,1,3
BRDA:30,22,0,0
BRDA:30,22,1,4
BRDA:30,23,0,4
BRDA:30,23,1,4
BRDA:45,24,0,1
BRDA:45,25,0,2
BRDA:45,25,1,1
BRDA:45,26,0,0
BRDA:45,26,1,2
BRDA:45,27,0,2
BRDA:45,27,1,2
BRDA:53,28,0,1
BRDA:53,29,0,2
BRDA:53,29,1,1
BRDA:53,30,0,0
BRDA:53,30,1,2
BRDA:53,31,0,2
BRDA:53,31,1,2
BRF:60
BRH:52
end_of_record
TN:
SF:src/helpers/array-check-values.ts
FN:1,(anonymous_0)
FN:3,(anonymous_1)
FNF:2
FNH:2
FNDA:6,(anonymous_0)
FNDA:254,(anonymous_1)
DA:1,1
DA:2,6
DA:3,6
DA:4,254
DA:5,253
DA:8,1
DA:12,0
LF:7
LH:6
BRDA:2,0,0,6
BRDA:4,1,0,253
BRF:2
BRH:2
end_of_record
TN:
SF:src/helpers/begin-end-keys.ts
FN:1,(anonymous_0)
FNF:1
FNH:1
FNDA:22,(anonymous_0)
DA:1,1
DA:2,22
DA:4,22
DA:5,2
DA:8,20
LF:5
LH:5
BRDA:2,0,0,22
BRDA:2,0,1,0
BRDA:4,1,0,2
BRDA:4,2,0,22
BRDA:4,2,1,21
BRF:5
BRH:4
end_of_record
TN:
SF:src/helpers/patterns.ts
FNF:0
FNH:0
DA:1,1
LF:1
LH:1
BRF:0
BRH:0
end_of_record
TN:
SF:src/helpers/salt-password.ts
FN:3,(anonymous_0)
FN:23,(anonymous_1)
FNF:2
FNH:2
FNDA:18,(anonymous_0)
FNDA:5,(anonymous_1)
DA:1,1
DA:3,1
DA:4,18
DA:6,18
DA:7,1
DA:10,17
DA:11,1
DA:14,16
DA:15,16
DA:20,16
DA:23,1
DA:28,5
DA:29,1
DA:30,4
DA:31,1
DA:34,3
DA:39,3
DA:40,2
DA:41,0
DA:44,2
DA:49,2
DA:54,2
DA:58,1
DA:61,1
DA:67,1
DA:70,1
DA:75,1
DA:77,1
DA:78,0
DA:81,1
DA:83,1
DA:85,1
DA:92,1
LF:33
LH:31
BRDA:4,0,0,17
BRDA:4,0,1,1
BRDA:6,1,0,1
BRDA:6,2,0,18
BRDA:6,2,1,17
BRDA:10,3,0,1
BRDA:10,4,0,17
BRDA:10,4,1,16
BRDA:10,5,0,0
BRDA:10,5,1,17
BRDA:10,6,0,17
BRDA:10,6,1,17
BRDA:28,7,0,1
BRDA:28,7,1,4
BRDA:28,8,0,5
BRDA:28,8,1,4
BRDA:28,9,0,0
BRDA:28,9,1,5
BRDA:28,10,0,5
BRDA:28,10,1,5
BRDA:30,11,0,1
BRDA:30,12,0,4
BRDA:30,12,1,3
BRDA:30,13,0,0
BRDA:30,13,1,4
BRDA:30,14,0,4
BRDA:30,14,1,4
BRDA:39,15,0,2
BRDA:39,15,1,1
BRDA:39,16,0,1
BRDA:39,16,1,2
BRDA:39,17,0,3
BRDA:39,17,1,3
BRDA:40,18,0,0
BRDA:54,19,0,1
BRDA:55,20,0,2
BRDA:55,20,1,1
BRDA:55,21,0,0
BRDA:55,21,1,2
BRDA:55,22,0,2
BRDA:55,22,1,2
BRDA:56,23,0,0
BRDA:56,23,1,1
BRDA:56,24,0,1
BRDA:56,24,1,1
BRDA:67,25,0,1
BRDA:67,25,1,1
BRDA:77,26,0,0
BRF:48
BRH:41
end_of_record
TN:
SF:src/helpers/secret.ts
FN:3,(anonymous_0)
FN:22,(anonymous_1)
FNF:2
FNH:2
FNDA:65,(anonymous_0)
FNDA:4,(anonymous_1)
DA:1,1
DA:3,1
DA:4,65
DA:6,65
DA:7,2
DA:10,63
DA:11,63
DA:13,63
DA:14,252
DA:19,63
DA:22,1
DA:23,4
DA:25,4
DA:26,0
DA:27,4
DA:28,0
DA:31,4
DA:32,4
DA:33,4
DA:36,1
LF:20
LH:18
BRDA:4,0,0,65
BRDA:4,0,1,0
BRDA:6,1,0,2
BRDA:6,2,0,65
BRDA:6,2,1,64
BRDA:23,3,0,4
BRDA:23,3,1,0
BRDA:25,4,0,0
BRDA:25,4,1,4
BRDA:25,5,0,4
BRDA:25,5,1,4
BRDA:27,6,0,0
BRDA:27,7,0,4
BRDA:27,7,1,4
BRDA:27,8,0,0
BRDA:27,8,1,4
BRDA:27,9,0,4
BRDA:27,9,1,4
BRDA:31,10,0,4
BRDA:31,10,1,0
BRDA:33,11,0,4
BRDA:33,11,1,0
BRF:22
BRH:15
end_of_record
TN:
SF:src/lib/base64.ts
FN:6,(anonymous_0)
FN:21,(anonymous_1)
FNF:2
FNH:2
FNDA:36,(anonymous_0)
FNDA:12,(anonymous_1)
DA:1,1
DA:3,1
DA:4,1
DA:6,1
DA:7,36
DA:8,1
DA:11,35
DA:12,35
DA:14,35
DA:19,35
DA:21,1
DA:22,12
DA:23,1
DA:26,11
DA:31,11
DA:33,11
DA:36,1
LF:17
LH:17
BRDA:7,0,0,1
BRDA:7,1,0,36
BRDA:7,1,1,35
BRDA:7,2,0,0
BRDA:7,2,1,36
BRDA:7,3,0,36
BRDA:7,3,1,36
BRDA:22,4,0,1
BRDA:22,5,0,12
BRDA:22,5,1,11
BRDA:22,6,0,0
BRDA:22,6,1,12
BRDA:22,7,0,12
BRDA:22,7,1,12
BRF:14
BRH:12
end_of_record
TN:
SF:src/lib/keychar.ts
FN:11,(anonymous_0)
FN:16,(anonymous_1)
FN:17,(anonymous_2)
FN:25,(anonymous_3)
FN:28,(anonymous_4)
FN:31,(anonymous_5)
FN:32,(anonymous_6)
FN:37,(anonymous_7)
FN:40,(anonymous_8)
FN:77,(anonymous_9)
FN:124,(anonymous_10)
FN:196,(anonymous_11)
FN:200,(anonymous_12)
FNF:13
FNH:13
FNDA:14,(anonymous_0)
FNDA:1,(anonymous_1)
FNDA:62,(anonymous_2)
FNDA:283,(anonymous_3)
FNDA:1,(anonymous_4)
FNDA:284,(anonymous_5)
FNDA:62,(anonymous_6)
FNDA:281,(anonymous_7)
FNDA:3,(anonymous_8)
FNDA:16,(anonymous_9)
FNDA:14,(anonymous_10)
FNDA:124,(anonymous_11)
FNDA:124,(anonymous_12)
DA:1,1
DA:2,1
DA:3,1
DA:4,1
DA:9,1
DA:11,1
DA:12,14
DA:13,14
DA:16,1
DA:17,1
DA:18,62
DA:20,62
DA:22,62
DA:25,283
DA:28,1
DA:29,1
DA:31,284
DA:33,62
DA:34,62
DA:37,281
DA:40,1
DA:41,3
DA:42,1
DA:45,2
DA:47,2
DA:48,1
DA:51,1
DA:52,1
DA:53,1
DA:54,1
DA:56,1
DA:62,1
DA:77,1
DA:78,16
DA:79,1
DA:80,15
DA:81,1
DA:84,14
DA:86,14
DA:88,14
DA:90,14
DA:91,14
DA:93,14
DA:97,14
DA:99,14
DA:101,14
DA:104,14
DA:110,14
DA:114,14
DA:116,14
DA:124,1
DA:129,14
DA:130,2
DA:131,12
DA:132,2
DA:133,10
DA:134,0
DA:140,10
DA:141,10
DA:144,10
DA:146,10
DA:147,4
DA:148,4
DA:149,4
DA:151,6
DA:155,4
DA:159,4
DA:163,0
DA:167,4
DA:170,4
DA:171,4
DA:173,0
DA:177,4
DA:178,4
DA:179,4
DA:180,4
DA:182,0
DA:186,4
DA:187,4
DA:188,4
DA:189,4
DA:191,4
DA:192,4
DA:194,4
DA:195,2
DA:196,124
DA:198,2
DA:199,2
DA:200,124
DA:204,4
DA:206,0
DA:210,1
LF:92
LH:87
BRDA:12,0,0,14
BRDA:12,0,1,0
BRDA:13,1,0,14
BRDA:13,1,1,0
BRDA:41,2,0,1
BRDA:41,3,0,3
BRDA:41,3,1,2
BRDA:41,4,0,0
BRDA:41,4,1,3
BRDA:41,5,0,3
BRDA:41,5,1,3
BRDA:45,6,0,2
BRDA:45,6,1,0
BRDA:47,7,0,1
BRDA:47,8,0,2
BRDA:47,8,1,1
BRDA:72,9,0,0
BRDA:72,9,1,1
BRDA:72,10,0,1
BRDA:72,10,1,1
BRDA:78,11,0,1
BRDA:78,11,1,15
BRDA:78,12,0,16
BRDA:78,12,1,15
BRDA:78,13,0,0
BRDA:78,13,1,16
BRDA:78,14,0,16
BRDA:78,14,1,16
BRDA:80,15,0,1
BRDA:80,16,0,15
BRDA:80,16,1,14
BRDA:80,17,0,0
BRDA:80,17,1,15
BRDA:80,18,0,15
BRDA:80,18,1,15
BRDA:88,19,0,0
BRDA:88,19,1,14
BRDA:88,20,0,14
BRDA:88,20,1,14
BRDA:94,21,0,0
BRDA:94,21,1,14
BRDA:94,22,0,14
BRDA:94,22,1,14
BRDA:94,23,0,0
BRDA:94,23,1,14
BRDA:94,24,0,14
BRDA:94,24,1,14
BRDA:101,25,0,0
BRDA:101,25,1,14
BRDA:101,26,0,14
BRDA:101,26,1,14
BRDA:118,27,0,14
BRDA:118,27,1,6
BRDA:118,28,0,0
BRDA:118,28,1,14
BRDA:118,29,0,14
BRDA:118,29,1,14
BRDA:129,30,0,2
BRDA:129,30,1,12
BRDA:129,31,0,14
BRDA:129,31,1,12
BRDA:129,32,0,0
BRDA:129,32,1,14
BRDA:129,33,0,14
BRDA:129,33,1,14
BRDA:131,34,0,2
BRDA:131,34,1,10
BRDA:131,35,0,12
BRDA:131,35,1,10
BRDA:131,36,0,0
BRDA:131,36,1,12
BRDA:131,37,0,12
BRDA:131,37,1,12
BRDA:133,38,0,0
BRDA:133,39,0,10
BRDA:133,39,1,10
BRDA:133,40,0,0
BRDA:133,40,1,10
BRDA:133,41,0,10
BRDA:133,41,1,10
BRDA:146,42,0,4
BRDA:146,42,1,6
BRDA:146,43,0,0
BRDA:146,43,1,10
BRDA:146,44,0,10
BRDA:146,44,1,10
BRDA:155,45,0,4
BRDA:155,45,1,0
BRDA:156,46,0,4
BRDA:156,46,1,4
BRDA:170,47,0,4
BRDA:170,47,1,0
BRDA:170,48,0,0
BRDA:170,48,1,4
BRDA:170,49,0,4
BRDA:170,49,1,4
BRDA:177,50,0,4
BRDA:177,50,1,0
BRDA:177,51,0,0
BRDA:177,51,1,4
BRDA:177,52,0,4
BRDA:177,52,1,4
BRDA:191,53,0,4
BRDA:191,53,1,0
BRDA:191,54,0,4
BRDA:191,54,1,4
BRDA:191,55,0,0
BRDA:191,55,1,4
BRDA:191,56,0,4
BRDA:191,56,1,4
BRDA:191,57,0,0
BRDA:191,57,1,4
BRDA:191,58,0,4
BRDA:191,58,1,4
BRDA:194,59,0,2
BRDA:194,59,1,2
BRDA:198,60,0,2
BRF:117
BRH:92
end_of_record
